0 info it worked if it ends with ok
1 verbose cli [ 'node', '/usr/local/bin/npm', 'install' ]
2 info using npm@1.4.28
3 info using node@v0.10.32
4 verbose readDependencies using package.json deps
5 verbose install where, deps [ '/Users/Liam/Dropbox/SAE/纳岚相册/1',
5 verbose install   [ 'grunt',
5 verbose install     'grunt-bootstrap',
5 verbose install     'grunt-contrib-concat',
5 verbose install     'grunt-contrib-jshint',
5 verbose install     'grunt-contrib-nodeunit',
5 verbose install     'grunt-contrib-qunit',
5 verbose install     'grunt-contrib-uglify',
5 verbose install     'grunt-contrib-watch',
5 verbose install     'grunt-contrib-sass',
5 verbose install     'grunt-fixmyjs' ] ]
6 info preinstall photo-sae@0.1.0
7 verbose readDependencies using package.json deps
8 verbose already installed skipping grunt@~0.4.1 /Users/Liam/Dropbox/SAE/纳岚相册/1
9 verbose already installed skipping grunt-bootstrap@^0.1.0 /Users/Liam/Dropbox/SAE/纳岚相册/1
10 verbose already installed skipping grunt-contrib-concat@~0.5.0 /Users/Liam/Dropbox/SAE/纳岚相册/1
11 verbose already installed skipping grunt-contrib-jshint@~0.10.0 /Users/Liam/Dropbox/SAE/纳岚相册/1
12 verbose already installed skipping grunt-contrib-nodeunit@~0.2.0 /Users/Liam/Dropbox/SAE/纳岚相册/1
13 verbose already installed skipping grunt-contrib-qunit@~0.5.2 /Users/Liam/Dropbox/SAE/纳岚相册/1
14 verbose already installed skipping grunt-contrib-uglify@~0.6.0 /Users/Liam/Dropbox/SAE/纳岚相册/1
15 verbose already installed skipping grunt-contrib-watch@~0.6.1 /Users/Liam/Dropbox/SAE/纳岚相册/1
16 verbose already installed skipping grunt-contrib-sass@0.4.0 /Users/Liam/Dropbox/SAE/纳岚相册/1
17 verbose cache add [ 'grunt-fixmyjs@last', null ]
18 verbose cache add name=undefined spec="grunt-fixmyjs@last" args=["grunt-fixmyjs@last",null]
19 verbose parsed url { protocol: null,
19 verbose parsed url   slashes: null,
19 verbose parsed url   auth: null,
19 verbose parsed url   host: null,
19 verbose parsed url   port: null,
19 verbose parsed url   hostname: null,
19 verbose parsed url   hash: null,
19 verbose parsed url   search: null,
19 verbose parsed url   query: null,
19 verbose parsed url   pathname: 'grunt-fixmyjs@last',
19 verbose parsed url   path: 'grunt-fixmyjs@last',
19 verbose parsed url   href: 'grunt-fixmyjs@last' }
20 verbose cache add name="grunt-fixmyjs" spec="last" args=["grunt-fixmyjs","last"]
21 verbose parsed url { protocol: null,
21 verbose parsed url   slashes: null,
21 verbose parsed url   auth: null,
21 verbose parsed url   host: null,
21 verbose parsed url   port: null,
21 verbose parsed url   hostname: null,
21 verbose parsed url   hash: null,
21 verbose parsed url   search: null,
21 verbose parsed url   query: null,
21 verbose parsed url   pathname: 'last',
21 verbose parsed url   path: 'last',
21 verbose parsed url   href: 'last' }
22 verbose addNamed [ 'grunt-fixmyjs', 'last' ]
23 verbose addNamed [ null, null ]
24 silly lockFile fff53a8e-grunt-fixmyjs-last grunt-fixmyjs@last
25 verbose lock grunt-fixmyjs@last /Users/Liam/.npm/fff53a8e-grunt-fixmyjs-last.lock
26 info addNameTag [ 'grunt-fixmyjs', 'last' ]
27 verbose request where is /grunt-fixmyjs
28 verbose request registry https://registry.npmjs.org/
29 verbose request id 05cd9bc952ed9407
30 verbose url raw /grunt-fixmyjs
31 verbose url resolving [ 'https://registry.npmjs.org/', './grunt-fixmyjs' ]
32 verbose url resolved https://registry.npmjs.org/grunt-fixmyjs
33 verbose request where is https://registry.npmjs.org/grunt-fixmyjs
34 info trying registry request attempt 1 at 17:33:28
35 verbose etag "DYGUUR66E7XBT5AOHSG1JU7SM"
36 http GET https://registry.npmjs.org/grunt-fixmyjs
37 http 304 https://registry.npmjs.org/grunt-fixmyjs
38 silly registry.get cb [ 304,
38 silly registry.get   { date: 'Mon, 03 Nov 2014 09:33:30 GMT',
38 silly registry.get     server: 'Apache',
38 silly registry.get     via: '1.1 varnish',
38 silly registry.get     'last-modified': 'Mon, 03 Nov 2014 09:32:42 GMT',
38 silly registry.get     'cache-control': 'max-age=60',
38 silly registry.get     etag: '"DYGUUR66E7XBT5AOHSG1JU7SM"',
38 silly registry.get     age: '48',
38 silly registry.get     'x-served-by': 'cache-ty66-TYO',
38 silly registry.get     'x-cache': 'HIT',
38 silly registry.get     'x-cache-hits': '1',
38 silly registry.get     'x-timer': 'S1415007210.836914,VS0,VE0',
38 silly registry.get     vary: 'Accept',
38 silly registry.get     'content-length': '0',
38 silly registry.get     'keep-alive': 'timeout=10, max=50',
38 silly registry.get     connection: 'Keep-Alive' } ]
39 verbose etag https://registry.npmjs.org/grunt-fixmyjs from cache
40 silly lockFile fff53a8e-grunt-fixmyjs-last grunt-fixmyjs@last
41 silly lockFile fff53a8e-grunt-fixmyjs-last grunt-fixmyjs@last
42 error notarget No compatible version found: grunt-fixmyjs@'last'
42 error notarget Valid install targets:
42 error notarget ["0.1.0","0.1.1","0.2.0"]
42 error notarget
42 error notarget This is most likely not a problem with npm itself.
42 error notarget In most cases you or one of your dependencies are requesting
42 error notarget a package version that doesn't exist.
43 error System Darwin 14.0.0
44 error command "node" "/usr/local/bin/npm" "install"
45 error cwd /Users/Liam/Dropbox/SAE/纳岚相册/1
46 error node -v v0.10.32
47 error npm -v 1.4.28
48 error code ETARGET
49 verbose exit [ 1, true ]
